Parsing Embedding
(18735, 1000)
Parsed Embedding
18735
Building GO Annotations
HMS:0:00:05.390674 335,858 annotations, 20,671 genes, 18,441 GOs, 1 taxids READ: /cluster/tufts/cowenlab/.envs/denoise/lib/python3.7/site-packages/glide/data/gene2go.dat 
18388 IDs in loaded association branch, biological_process
  EXISTS: /cluster/tufts/cowenlab/.envs/denoise/lib/python3.7/site-packages/glide/data/go-basic.obo.dat
/cluster/tufts/cowenlab/.envs/denoise/lib/python3.7/site-packages/glide/data/go-basic.obo.dat: fmt(1.2) rel(2021-02-01) 47,291 GO Terms; optional_attrs(relationship)
Read gene2go.dat File
Number of Labels: 84
Completed Building GO Annotations
/cluster/tufts/cowenlab/.envs/denoise/lib/python3.7/site-packages/glide/data/go-basic.obo.dat: fmt(1.2) rel(2021-02-01) 47,291 GO Terms
HMS:0:00:15.211531 608,616 annotations READ: /cluster/tufts/cowenlab/.envs/denoise/lib/python3.7/site-packages/glide/data/go-human.gaf.dat 
17586 IDs in loaded association branch, BP
The number of All the Labels 84
Here
The number of All the Labels 84
Here
The number of All the Labels 84
Here
The number of All the Labels 84
Here
The number of All the Labels 84
Here
Fold 1 RESNIK_SIM: 1.2693282289309398
Fold 2 RESNIK_SIM: 1.4082164449192192
Fold 3 RESNIK_SIM: 1.357152117599142
Fold 4 RESNIK_SIM: 1.2629211671934875
Fold 5 RESNIK_SIM: 1.3261107511774841
Mean RESNIK_SIM: 1.3247457419640547: Std: 0.054612770448167786
The number of All the Labels 84
Here
The number of All the Labels 84
Here
The number of All the Labels 84
Here
The number of All the Labels 84
Here
The number of All the Labels 84
Here
Fold 1 F1: 0.35394446947284613
Fold 2 F1: 0.3405400440050431
Fold 3 F1: 0.3687989568082715
Fold 4 F1: 0.34887808862735054
Fold 5 F1: 0.33557696230800355
Mean F1: 0.349547704244303: Std: 0.011547382630429431
The number of All the Labels 84
Here
The number of All the Labels 84
Here
The number of All the Labels 84
Here
The number of All the Labels 84
Here
The number of All the Labels 84
Here
Fold 1 ACC: 0.3487957181088314
Fold 2 ACC: 0.33184656556645853
Fold 3 ACC: 0.33363068688670827
Fold 4 ACC: 0.31668153434433544
Fold 5 ACC: 0.31733333333333336
Mean ACC: 0.32965756764793336: Std: 0.011892101438972425
