Parsing Embedding
(18735, 1000)
Parsed Embedding
18735
Building GO Annotations
HMS:0:00:05.445800 335,858 annotations, 20,671 genes, 18,441 GOs, 1 taxids READ: /cluster/tufts/cowenlab/.envs/denoise/lib/python3.7/site-packages/glide/data/gene2go.dat 
18388 IDs in loaded association branch, cellular_component
  EXISTS: /cluster/tufts/cowenlab/.envs/denoise/lib/python3.7/site-packages/glide/data/go-basic.obo.dat
/cluster/tufts/cowenlab/.envs/denoise/lib/python3.7/site-packages/glide/data/go-basic.obo.dat: fmt(1.2) rel(2021-02-01) 47,291 GO Terms; optional_attrs(relationship)
Read gene2go.dat File
Number of Labels: 41
Completed Building GO Annotations
/cluster/tufts/cowenlab/.envs/denoise/lib/python3.7/site-packages/glide/data/go-basic.obo.dat: fmt(1.2) rel(2021-02-01) 47,291 GO Terms
HMS:0:00:15.508153 608,616 annotations READ: /cluster/tufts/cowenlab/.envs/denoise/lib/python3.7/site-packages/glide/data/go-human.gaf.dat 
18859 IDs in loaded association branch, CC
The number of All the Labels 41
Here
The number of All the Labels 41
Here
The number of All the Labels 41
Here
The number of All the Labels 41
Here
The number of All the Labels 41
Here
Fold 1 RESNIK_SIM: 0.8861354765403998
Fold 2 RESNIK_SIM: 0.8620282849983014
Fold 3 RESNIK_SIM: 0.9017254545144359
Fold 4 RESNIK_SIM: 0.8945249871164742
Fold 5 RESNIK_SIM: 0.8924914612656843
Mean RESNIK_SIM: 0.8873811328870591: Std: 0.013617842913931713
The number of All the Labels 41
Here
The number of All the Labels 41
Here
The number of All the Labels 41
Here
The number of All the Labels 41
Here
The number of All the Labels 41
Here
Fold 1 F1: 0.4048287651079571
Fold 2 F1: 0.3994409181946733
Fold 3 F1: 0.39058135807898486
Fold 4 F1: 0.4041011241303382
Fold 5 F1: 0.41300600079485233
Mean F1: 0.4023916332613612: Std: 0.007344604660471138
The number of All the Labels 41
Here
The number of All the Labels 41
Here
The number of All the Labels 41
Here
The number of All the Labels 41
Here
The number of All the Labels 41
Here
Fold 1 ACC: 0.4303000968054211
Fold 2 ACC: 0.4191674733785092
Fold 3 ACC: 0.44724104549854793
Fold 4 ACC: 0.41142303969022265
Fold 5 ACC: 0.45625906234896085
Mean ACC: 0.43287814354433235: Std: 0.016780408811883446
