Parsing Embedding
(18735, 1000)
Parsed Embedding
18735
Building GO Annotations
HMS:0:00:05.381048 335,858 annotations, 20,671 genes, 18,441 GOs, 1 taxids READ: /cluster/tufts/cowenlab/.envs/denoise/lib/python3.7/site-packages/glide/data/gene2go.dat 
18388 IDs in loaded association branch, molecular_function
  EXISTS: /cluster/tufts/cowenlab/.envs/denoise/lib/python3.7/site-packages/glide/data/go-basic.obo.dat
/cluster/tufts/cowenlab/.envs/denoise/lib/python3.7/site-packages/glide/data/go-basic.obo.dat: fmt(1.2) rel(2021-02-01) 47,291 GO Terms; optional_attrs(relationship)
Read gene2go.dat File
Number of Labels: 31
Completed Building GO Annotations
/cluster/tufts/cowenlab/.envs/denoise/lib/python3.7/site-packages/glide/data/go-basic.obo.dat: fmt(1.2) rel(2021-02-01) 47,291 GO Terms
HMS:0:00:15.395843 608,616 annotations READ: /cluster/tufts/cowenlab/.envs/denoise/lib/python3.7/site-packages/glide/data/go-human.gaf.dat 
18053 IDs in loaded association branch, MF
The number of All the Labels 31
Here
The number of All the Labels 31
Here
The number of All the Labels 31
Here
The number of All the Labels 31
Here
The number of All the Labels 31
Here
Fold 1 RESNIK_SIM: 1.4605256839719332
Fold 2 RESNIK_SIM: 1.4943212254099714
Fold 3 RESNIK_SIM: 1.4523313664954092
Fold 4 RESNIK_SIM: 1.5549308301025813
Fold 5 RESNIK_SIM: 1.5159219267159547
Mean RESNIK_SIM: 1.4956062065391698: Std: 0.03751571795433952
The number of All the Labels 31
Here
The number of All the Labels 31
Here
The number of All the Labels 31
Here
The number of All the Labels 31
Here
The number of All the Labels 31
Here
Fold 1 F1: 0.3675796841916955
Fold 2 F1: 0.35596215073819204
Fold 3 F1: 0.37609893532883704
Fold 4 F1: 0.35650482047397786
Fold 5 F1: 0.38081066037159783
Mean F1: 0.36739125022086006: Std: 0.010050656930900554
The number of All the Labels 31
Here
The number of All the Labels 31
Here
The number of All the Labels 31
Here
The number of All the Labels 31
Here
The number of All the Labels 31
Here
Fold 1 ACC: 0.37213930348258706
Fold 2 ACC: 0.3353233830845771
Fold 3 ACC: 0.3691542288557214
Fold 4 ACC: 0.3611940298507463
Fold 5 ACC: 0.37077534791252487
Mean ACC: 0.36171725863723136: Std: 0.01373234838736993
